{"contracts/Mayor.sol":{"l":{"57":12,"58":12,"63":12,"64":12,"69":4,"70":4,"99":8,"100":23,"101":23,"103":23,"104":21,"106":19,"107":19,"109":19,"110":16,"111":16,"112":16,"113":16,"117":4,"118":4,"126":12,"127":12,"129":12,"130":12,"140":12,"141":12,"143":12,"144":12,"146":12,"148":12,"150":12,"151":7,"152":7,"153":7,"154":7,"156":7,"157":4,"158":4,"161":2,"165":4,"166":4,"167":4,"168":4,"169":4,"171":4,"172":2,"173":2,"174":2,"177":2,"182":1,"183":1,"186":12,"192":4,"193":4,"194":4,"195":4,"197":4,"198":1,"199":1,"202":1,"203":1,"207":4,"208":2,"210":2,"211":6,"212":6,"213":3,"217":2,"220":2,"221":2,"231":24},"path":"/home/fausto/GitHub/P2P-systems-and-blockchains-2021/Final Project/contracts/Mayor.sol","s":{"1":12,"2":12,"3":4,"4":8,"5":23,"6":23,"7":23,"8":21,"9":19,"10":19,"11":19,"12":16,"13":16,"14":16,"15":16,"16":4,"17":4,"18":12,"19":12,"20":12,"21":12,"22":12,"23":12,"24":12,"25":12,"26":12,"27":7,"28":7,"29":7,"30":7,"31":7,"32":4,"33":4,"34":3,"35":2,"36":5,"37":4,"38":4,"39":4,"40":4,"41":4,"42":2,"43":2,"44":2,"45":2,"46":2,"47":1,"48":1,"49":12,"50":4,"51":4,"52":4,"53":4,"54":4,"55":1,"56":1,"57":3,"58":1,"59":1,"60":4,"61":2,"62":2,"63":6,"64":6,"65":3,"66":2,"67":2,"68":2,"69":24},"b":{"1":[12,0],"2":[12,0],"3":[4,0],"4":[21,2],"5":[19,2],"6":[16,3],"7":[16,0],"8":[12,0],"9":[12,0],"10":[12,0],"11":[12,0],"12":[7,5],"13":[4,3],"14":[2,1],"15":[4,1],"16":[2,2],"17":[2,0],"18":[4,0],"19":[1,3],"20":[1,2],"21":[2,2],"22":[3,3]},"f":{"1":12,"2":12,"3":4,"4":8,"5":12,"6":12,"7":4,"8":24},"fnMap":{"1":{"name":"canVote","line":56,"loc":{"start":{"line":56,"column":4},"end":{"line":59,"column":4}}},"2":{"name":"canOpen","line":62,"loc":{"start":{"line":62,"column":4},"end":{"line":65,"column":4}}},"3":{"name":"canCheckOutcome","line":68,"loc":{"start":{"line":68,"column":4},"end":{"line":71,"column":4}}},"4":{"name":"constructor","line":98,"loc":{"start":{"line":98,"column":4},"end":{"line":119,"column":4}}},"5":{"name":"cast_envelope","line":124,"loc":{"start":{"line":124,"column":4},"end":{"line":131,"column":4}}},"6":{"name":"open_envelope","line":139,"loc":{"start":{"line":139,"column":4},"end":{"line":187,"column":4}}},"7":{"name":"mayor_or_sayonara","line":191,"loc":{"start":{"line":191,"column":4},"end":{"line":223,"column":4}}},"8":{"name":"compute_envelope","line":230,"loc":{"start":{"line":230,"column":4},"end":{"line":232,"column":4}}}},"statementMap":{"1":{"start":{"line":57,"column":8},"end":{"line":57,"column":126}},"2":{"start":{"line":63,"column":8},"end":{"line":63,"column":134}},"3":{"start":{"line":69,"column":8},"end":{"line":69,"column":140}},"4":{"start":{"line":99,"column":8},"end":{"line":99,"column":2932}},"5":{"start":{"line":100,"column":12},"end":{"line":100,"column":69}},"6":{"start":{"line":101,"column":12},"end":{"line":101,"column":69}},"7":{"start":{"line":103,"column":12},"end":{"line":103,"column":99}},"8":{"start":{"line":104,"column":12},"end":{"line":104,"column":99}},"9":{"start":{"line":106,"column":12},"end":{"line":106,"column":86}},"10":{"start":{"line":107,"column":12},"end":{"line":107,"column":47}},"11":{"start":{"line":109,"column":12},"end":{"line":109,"column":3494}},"12":{"start":{"line":110,"column":16},"end":{"line":110,"column":103}},"13":{"start":{"line":111,"column":16},"end":{"line":111,"column":53}},"14":{"start":{"line":112,"column":16},"end":{"line":112,"column":70}},"15":{"start":{"line":113,"column":16},"end":{"line":113,"column":52}},"16":{"start":{"line":117,"column":8},"end":{"line":117,"column":23}},"17":{"start":{"line":118,"column":8},"end":{"line":118,"column":97}},"18":{"start":{"line":126,"column":8},"end":{"line":126,"column":4241}},"19":{"start":{"line":129,"column":8},"end":{"line":129,"column":40}},"20":{"start":{"line":130,"column":8},"end":{"line":130,"column":37}},"21":{"start":{"line":140,"column":8},"end":{"line":140,"column":83}},"22":{"start":{"line":141,"column":8},"end":{"line":141,"column":77}},"23":{"start":{"line":143,"column":8},"end":{"line":143,"column":56}},"24":{"start":{"line":144,"column":8},"end":{"line":144,"column":80}},"25":{"start":{"line":146,"column":8},"end":{"line":146,"column":105}},"26":{"start":{"line":150,"column":8},"end":{"line":150,"column":5296}},"27":{"start":{"line":151,"column":12},"end":{"line":151,"column":40}},"28":{"start":{"line":152,"column":12},"end":{"line":152,"column":93}},"29":{"start":{"line":153,"column":12},"end":{"line":153,"column":51}},"30":{"start":{"line":154,"column":12},"end":{"line":154,"column":30}},"31":{"start":{"line":156,"column":12},"end":{"line":156,"column":5633}},"32":{"start":{"line":157,"column":16},"end":{"line":157,"column":49}},"33":{"start":{"line":158,"column":16},"end":{"line":158,"column":66}},"34":{"start":{"line":160,"column":17},"end":{"line":160,"column":5842}},"35":{"start":{"line":161,"column":16},"end":{"line":161,"column":51}},"36":{"start":{"line":164,"column":13},"end":{"line":164,"column":6017}},"37":{"start":{"line":165,"column":12},"end":{"line":165,"column":40}},"38":{"start":{"line":166,"column":12},"end":{"line":166,"column":93}},"39":{"start":{"line":167,"column":12},"end":{"line":167,"column":51}},"40":{"start":{"line":169,"column":12},"end":{"line":169,"column":30}},"41":{"start":{"line":171,"column":12},"end":{"line":171,"column":6350}},"42":{"start":{"line":172,"column":16},"end":{"line":172,"column":49}},"43":{"start":{"line":173,"column":16},"end":{"line":173,"column":66}},"44":{"start":{"line":174,"column":16},"end":{"line":174,"column":78}},"45":{"start":{"line":176,"column":17},"end":{"line":176,"column":6849}},"46":{"start":{"line":177,"column":16},"end":{"line":177,"column":51}},"47":{"start":{"line":182,"column":12},"end":{"line":182,"column":55}},"48":{"start":{"line":183,"column":12},"end":{"line":183,"column":36}},"49":{"start":{"line":186,"column":8},"end":{"line":186,"column":60}},"50":{"start":{"line":192,"column":8},"end":{"line":192,"column":65}},"51":{"start":{"line":193,"column":8},"end":{"line":193,"column":28}},"52":{"start":{"line":194,"column":8},"end":{"line":194,"column":30}},"53":{"start":{"line":195,"column":8},"end":{"line":195,"column":24}},"54":{"start":{"line":197,"column":8},"end":{"line":197,"column":7701}},"55":{"start":{"line":198,"column":12},"end":{"line":198,"column":50}},"56":{"start":{"line":199,"column":12},"end":{"line":199,"column":46}},"57":{"start":{"line":201,"column":13},"end":{"line":201,"column":7907}},"58":{"start":{"line":202,"column":12},"end":{"line":202,"column":50}},"59":{"start":{"line":203,"column":12},"end":{"line":203,"column":46}},"60":{"start":{"line":207,"column":8},"end":{"line":207,"column":8080}},"61":{"start":{"line":208,"column":12},"end":{"line":208,"column":39}},"62":{"start":{"line":210,"column":12},"end":{"line":210,"column":8167}},"63":{"start":{"line":211,"column":16},"end":{"line":211,"column":64}},"64":{"start":{"line":212,"column":16},"end":{"line":212,"column":8300}},"65":{"start":{"line":213,"column":20},"end":{"line":213,"column":53}},"66":{"start":{"line":217,"column":12},"end":{"line":217,"column":33}},"67":{"start":{"line":220,"column":12},"end":{"line":220,"column":36}},"68":{"start":{"line":221,"column":12},"end":{"line":221,"column":33}},"69":{"start":{"line":231,"column":8},"end":{"line":231,"column":63}}},"branchMap":{"1":{"line":57,"type":"if","locations":[{"start":{"line":57,"column":8},"end":{"line":57,"column":8}},{"start":{"line":57,"column":8},"end":{"line":57,"column":8}}]},"2":{"line":63,"type":"if","locations":[{"start":{"line":63,"column":8},"end":{"line":63,"column":8}},{"start":{"line":63,"column":8},"end":{"line":63,"column":8}}]},"3":{"line":69,"type":"if","locations":[{"start":{"line":69,"column":8},"end":{"line":69,"column":8}},{"start":{"line":69,"column":8},"end":{"line":69,"column":8}}]},"4":{"line":103,"type":"if","locations":[{"start":{"line":103,"column":12},"end":{"line":103,"column":12}},{"start":{"line":103,"column":12},"end":{"line":103,"column":12}}]},"5":{"line":104,"type":"if","locations":[{"start":{"line":104,"column":12},"end":{"line":104,"column":12}},{"start":{"line":104,"column":12},"end":{"line":104,"column":12}}]},"6":{"line":109,"type":"if","locations":[{"start":{"line":109,"column":12},"end":{"line":109,"column":12}},{"start":{"line":109,"column":12},"end":{"line":109,"column":12}}]},"7":{"line":110,"type":"if","locations":[{"start":{"line":110,"column":16},"end":{"line":110,"column":16}},{"start":{"line":110,"column":16},"end":{"line":110,"column":16}}]},"8":{"line":126,"type":"if","locations":[{"start":{"line":126,"column":8},"end":{"line":126,"column":8}},{"start":{"line":126,"column":8},"end":{"line":126,"column":8}}]},"9":{"line":140,"type":"if","locations":[{"start":{"line":140,"column":8},"end":{"line":140,"column":8}},{"start":{"line":140,"column":8},"end":{"line":140,"column":8}}]},"10":{"line":141,"type":"if","locations":[{"start":{"line":141,"column":8},"end":{"line":141,"column":8}},{"start":{"line":141,"column":8},"end":{"line":141,"column":8}}]},"11":{"line":146,"type":"if","locations":[{"start":{"line":146,"column":8},"end":{"line":146,"column":8}},{"start":{"line":146,"column":8},"end":{"line":146,"column":8}}]},"12":{"line":150,"type":"if","locations":[{"start":{"line":150,"column":8},"end":{"line":150,"column":8}},{"start":{"line":150,"column":8},"end":{"line":150,"column":8}}]},"13":{"line":156,"type":"if","locations":[{"start":{"line":156,"column":12},"end":{"line":156,"column":12}},{"start":{"line":156,"column":12},"end":{"line":156,"column":12}}]},"14":{"line":160,"type":"if","locations":[{"start":{"line":160,"column":17},"end":{"line":160,"column":17}},{"start":{"line":160,"column":17},"end":{"line":160,"column":17}}]},"15":{"line":164,"type":"if","locations":[{"start":{"line":164,"column":13},"end":{"line":164,"column":13}},{"start":{"line":164,"column":13},"end":{"line":164,"column":13}}]},"16":{"line":171,"type":"if","locations":[{"start":{"line":171,"column":12},"end":{"line":171,"column":12}},{"start":{"line":171,"column":12},"end":{"line":171,"column":12}}]},"17":{"line":176,"type":"if","locations":[{"start":{"line":176,"column":17},"end":{"line":176,"column":17}},{"start":{"line":176,"column":17},"end":{"line":176,"column":17}}]},"18":{"line":192,"type":"if","locations":[{"start":{"line":192,"column":8},"end":{"line":192,"column":8}},{"start":{"line":192,"column":8},"end":{"line":192,"column":8}}]},"19":{"line":197,"type":"if","locations":[{"start":{"line":197,"column":8},"end":{"line":197,"column":8}},{"start":{"line":197,"column":8},"end":{"line":197,"column":8}}]},"20":{"line":201,"type":"if","locations":[{"start":{"line":201,"column":13},"end":{"line":201,"column":13}},{"start":{"line":201,"column":13},"end":{"line":201,"column":13}}]},"21":{"line":207,"type":"if","locations":[{"start":{"line":207,"column":8},"end":{"line":207,"column":8}},{"start":{"line":207,"column":8},"end":{"line":207,"column":8}}]},"22":{"line":212,"type":"if","locations":[{"start":{"line":212,"column":16},"end":{"line":212,"column":16}},{"start":{"line":212,"column":16},"end":{"line":212,"column":16}}]}}}}