{"contracts/Mayor.sol":{"l":{"60":12,"61":12,"66":12,"67":12,"72":4,"73":4,"102":8,"103":23,"104":23,"106":23,"107":21,"109":19,"110":19,"112":19,"113":16,"114":16,"116":16,"117":12,"118":12,"123":4,"124":4,"132":12,"133":12,"135":12,"136":12,"146":12,"147":12,"149":12,"150":12,"152":12,"154":12,"156":12,"157":7,"158":7,"159":7,"160":7,"162":7,"163":4,"164":4,"167":2,"171":4,"172":4,"173":4,"174":4,"175":4,"177":4,"178":2,"179":2,"180":2,"183":2,"188":1,"189":1,"192":12,"198":4,"199":4,"200":4,"201":4,"203":4,"204":1,"205":1,"208":1,"209":1,"213":4,"214":2,"216":2,"217":6,"218":6,"219":3,"223":2,"226":2,"227":2,"237":24,"242":0,"246":0,"248":0,"249":0,"250":0,"253":0},"path":"/home/fausto/GitHub/P2P-systems-and-blockchains-2021/test/my_app/contracts/Mayor.sol","s":{"1":12,"2":12,"3":4,"4":8,"5":23,"6":23,"7":23,"8":21,"9":19,"10":19,"11":19,"12":16,"13":16,"14":16,"15":12,"16":12,"17":4,"18":4,"19":12,"20":12,"21":12,"22":12,"23":12,"24":12,"25":12,"26":12,"27":12,"28":7,"29":7,"30":7,"31":7,"32":7,"33":4,"34":4,"35":3,"36":2,"37":5,"38":4,"39":4,"40":4,"41":4,"42":4,"43":2,"44":2,"45":2,"46":2,"47":2,"48":1,"49":1,"50":12,"51":4,"52":4,"53":4,"54":4,"55":4,"56":1,"57":1,"58":3,"59":1,"60":1,"61":4,"62":2,"63":2,"64":6,"65":6,"66":3,"67":2,"68":2,"69":2,"70":24,"71":0,"72":0,"73":0,"74":0,"75":0,"76":0},"b":{"1":[12,0],"2":[12,0],"3":[4,0],"4":[21,2],"5":[19,2],"6":[16,3],"7":[16,0],"8":[12,4],"9":[12,0],"10":[12,0],"11":[12,0],"12":[12,0],"13":[7,5],"14":[4,3],"15":[2,1],"16":[4,1],"17":[2,2],"18":[2,0],"19":[4,0],"20":[1,3],"21":[1,2],"22":[2,2],"23":[3,3]},"f":{"1":12,"2":12,"3":4,"4":8,"5":12,"6":12,"7":4,"8":24,"9":0,"10":0},"fnMap":{"1":{"name":"canVote","line":59,"loc":{"start":{"line":59,"column":4},"end":{"line":62,"column":4}}},"2":{"name":"canOpen","line":65,"loc":{"start":{"line":65,"column":4},"end":{"line":68,"column":4}}},"3":{"name":"canCheckOutcome","line":71,"loc":{"start":{"line":71,"column":4},"end":{"line":74,"column":4}}},"4":{"name":"constructor","line":101,"loc":{"start":{"line":101,"column":4},"end":{"line":125,"column":4}}},"5":{"name":"cast_envelope","line":130,"loc":{"start":{"line":130,"column":4},"end":{"line":137,"column":4}}},"6":{"name":"open_envelope","line":145,"loc":{"start":{"line":145,"column":4},"end":{"line":193,"column":4}}},"7":{"name":"mayor_or_sayonara","line":197,"loc":{"start":{"line":197,"column":4},"end":{"line":229,"column":4}}},"8":{"name":"compute_envelope","line":236,"loc":{"start":{"line":236,"column":4},"end":{"line":238,"column":4}}},"9":{"name":"get_candidate_addrs","line":241,"loc":{"start":{"line":241,"column":4},"end":{"line":243,"column":4}}},"10":{"name":"get_coalitions","line":245,"loc":{"start":{"line":245,"column":4},"end":{"line":254,"column":4}}}},"statementMap":{"1":{"start":{"line":60,"column":8},"end":{"line":60,"column":126}},"2":{"start":{"line":66,"column":8},"end":{"line":66,"column":134}},"3":{"start":{"line":72,"column":8},"end":{"line":72,"column":140}},"4":{"start":{"line":102,"column":8},"end":{"line":102,"column":2964}},"5":{"start":{"line":103,"column":12},"end":{"line":103,"column":69}},"6":{"start":{"line":104,"column":12},"end":{"line":104,"column":69}},"7":{"start":{"line":106,"column":12},"end":{"line":106,"column":99}},"8":{"start":{"line":107,"column":12},"end":{"line":107,"column":99}},"9":{"start":{"line":109,"column":12},"end":{"line":109,"column":86}},"10":{"start":{"line":110,"column":12},"end":{"line":110,"column":48}},"11":{"start":{"line":112,"column":12},"end":{"line":112,"column":3527}},"12":{"start":{"line":113,"column":16},"end":{"line":113,"column":103}},"13":{"start":{"line":114,"column":16},"end":{"line":114,"column":70}},"14":{"start":{"line":116,"column":16},"end":{"line":116,"column":3779}},"15":{"start":{"line":117,"column":20},"end":{"line":117,"column":57}},"16":{"start":{"line":118,"column":20},"end":{"line":118,"column":56}},"17":{"start":{"line":123,"column":8},"end":{"line":123,"column":23}},"18":{"start":{"line":124,"column":8},"end":{"line":124,"column":97}},"19":{"start":{"line":132,"column":8},"end":{"line":132,"column":4379}},"20":{"start":{"line":135,"column":8},"end":{"line":135,"column":40}},"21":{"start":{"line":136,"column":8},"end":{"line":136,"column":37}},"22":{"start":{"line":146,"column":8},"end":{"line":146,"column":83}},"23":{"start":{"line":147,"column":8},"end":{"line":147,"column":77}},"24":{"start":{"line":149,"column":8},"end":{"line":149,"column":56}},"25":{"start":{"line":150,"column":8},"end":{"line":150,"column":80}},"26":{"start":{"line":152,"column":8},"end":{"line":152,"column":105}},"27":{"start":{"line":156,"column":8},"end":{"line":156,"column":5434}},"28":{"start":{"line":157,"column":12},"end":{"line":157,"column":40}},"29":{"start":{"line":158,"column":12},"end":{"line":158,"column":93}},"30":{"start":{"line":159,"column":12},"end":{"line":159,"column":51}},"31":{"start":{"line":160,"column":12},"end":{"line":160,"column":30}},"32":{"start":{"line":162,"column":12},"end":{"line":162,"column":5771}},"33":{"start":{"line":163,"column":16},"end":{"line":163,"column":49}},"34":{"start":{"line":164,"column":16},"end":{"line":164,"column":66}},"35":{"start":{"line":166,"column":17},"end":{"line":166,"column":5980}},"36":{"start":{"line":167,"column":16},"end":{"line":167,"column":51}},"37":{"start":{"line":170,"column":13},"end":{"line":170,"column":6155}},"38":{"start":{"line":171,"column":12},"end":{"line":171,"column":40}},"39":{"start":{"line":172,"column":12},"end":{"line":172,"column":93}},"40":{"start":{"line":173,"column":12},"end":{"line":173,"column":51}},"41":{"start":{"line":175,"column":12},"end":{"line":175,"column":30}},"42":{"start":{"line":177,"column":12},"end":{"line":177,"column":6488}},"43":{"start":{"line":178,"column":16},"end":{"line":178,"column":49}},"44":{"start":{"line":179,"column":16},"end":{"line":179,"column":66}},"45":{"start":{"line":180,"column":16},"end":{"line":180,"column":78}},"46":{"start":{"line":182,"column":17},"end":{"line":182,"column":6987}},"47":{"start":{"line":183,"column":16},"end":{"line":183,"column":51}},"48":{"start":{"line":188,"column":12},"end":{"line":188,"column":55}},"49":{"start":{"line":189,"column":12},"end":{"line":189,"column":36}},"50":{"start":{"line":192,"column":8},"end":{"line":192,"column":60}},"51":{"start":{"line":198,"column":8},"end":{"line":198,"column":65}},"52":{"start":{"line":199,"column":8},"end":{"line":199,"column":28}},"53":{"start":{"line":200,"column":8},"end":{"line":200,"column":30}},"54":{"start":{"line":201,"column":8},"end":{"line":201,"column":24}},"55":{"start":{"line":203,"column":8},"end":{"line":203,"column":7839}},"56":{"start":{"line":204,"column":12},"end":{"line":204,"column":50}},"57":{"start":{"line":205,"column":12},"end":{"line":205,"column":46}},"58":{"start":{"line":207,"column":13},"end":{"line":207,"column":8045}},"59":{"start":{"line":208,"column":12},"end":{"line":208,"column":50}},"60":{"start":{"line":209,"column":12},"end":{"line":209,"column":46}},"61":{"start":{"line":213,"column":8},"end":{"line":213,"column":8218}},"62":{"start":{"line":214,"column":12},"end":{"line":214,"column":39}},"63":{"start":{"line":216,"column":12},"end":{"line":216,"column":8305}},"64":{"start":{"line":217,"column":16},"end":{"line":217,"column":64}},"65":{"start":{"line":218,"column":16},"end":{"line":218,"column":8438}},"66":{"start":{"line":219,"column":20},"end":{"line":219,"column":53}},"67":{"start":{"line":223,"column":12},"end":{"line":223,"column":33}},"68":{"start":{"line":226,"column":12},"end":{"line":226,"column":36}},"69":{"start":{"line":227,"column":12},"end":{"line":227,"column":33}},"70":{"start":{"line":237,"column":8},"end":{"line":237,"column":63}},"71":{"start":{"line":242,"column":8},"end":{"line":242,"column":31}},"72":{"start":{"line":246,"column":8},"end":{"line":246,"column":100}},"73":{"start":{"line":248,"column":8},"end":{"line":248,"column":9416}},"74":{"start":{"line":249,"column":12},"end":{"line":249,"column":51}},"75":{"start":{"line":250,"column":12},"end":{"line":250,"column":108}},"76":{"start":{"line":253,"column":8},"end":{"line":253,"column":31}}},"branchMap":{"1":{"line":60,"type":"if","locations":[{"start":{"line":60,"column":8},"end":{"line":60,"column":8}},{"start":{"line":60,"column":8},"end":{"line":60,"column":8}}]},"2":{"line":66,"type":"if","locations":[{"start":{"line":66,"column":8},"end":{"line":66,"column":8}},{"start":{"line":66,"column":8},"end":{"line":66,"column":8}}]},"3":{"line":72,"type":"if","locations":[{"start":{"line":72,"column":8},"end":{"line":72,"column":8}},{"start":{"line":72,"column":8},"end":{"line":72,"column":8}}]},"4":{"line":106,"type":"if","locations":[{"start":{"line":106,"column":12},"end":{"line":106,"column":12}},{"start":{"line":106,"column":12},"end":{"line":106,"column":12}}]},"5":{"line":107,"type":"if","locations":[{"start":{"line":107,"column":12},"end":{"line":107,"column":12}},{"start":{"line":107,"column":12},"end":{"line":107,"column":12}}]},"6":{"line":112,"type":"if","locations":[{"start":{"line":112,"column":12},"end":{"line":112,"column":12}},{"start":{"line":112,"column":12},"end":{"line":112,"column":12}}]},"7":{"line":113,"type":"if","locations":[{"start":{"line":113,"column":16},"end":{"line":113,"column":16}},{"start":{"line":113,"column":16},"end":{"line":113,"column":16}}]},"8":{"line":116,"type":"if","locations":[{"start":{"line":116,"column":16},"end":{"line":116,"column":16}},{"start":{"line":116,"column":16},"end":{"line":116,"column":16}}]},"9":{"line":132,"type":"if","locations":[{"start":{"line":132,"column":8},"end":{"line":132,"column":8}},{"start":{"line":132,"column":8},"end":{"line":132,"column":8}}]},"10":{"line":146,"type":"if","locations":[{"start":{"line":146,"column":8},"end":{"line":146,"column":8}},{"start":{"line":146,"column":8},"end":{"line":146,"column":8}}]},"11":{"line":147,"type":"if","locations":[{"start":{"line":147,"column":8},"end":{"line":147,"column":8}},{"start":{"line":147,"column":8},"end":{"line":147,"column":8}}]},"12":{"line":152,"type":"if","locations":[{"start":{"line":152,"column":8},"end":{"line":152,"column":8}},{"start":{"line":152,"column":8},"end":{"line":152,"column":8}}]},"13":{"line":156,"type":"if","locations":[{"start":{"line":156,"column":8},"end":{"line":156,"column":8}},{"start":{"line":156,"column":8},"end":{"line":156,"column":8}}]},"14":{"line":162,"type":"if","locations":[{"start":{"line":162,"column":12},"end":{"line":162,"column":12}},{"start":{"line":162,"column":12},"end":{"line":162,"column":12}}]},"15":{"line":166,"type":"if","locations":[{"start":{"line":166,"column":17},"end":{"line":166,"column":17}},{"start":{"line":166,"column":17},"end":{"line":166,"column":17}}]},"16":{"line":170,"type":"if","locations":[{"start":{"line":170,"column":13},"end":{"line":170,"column":13}},{"start":{"line":170,"column":13},"end":{"line":170,"column":13}}]},"17":{"line":177,"type":"if","locations":[{"start":{"line":177,"column":12},"end":{"line":177,"column":12}},{"start":{"line":177,"column":12},"end":{"line":177,"column":12}}]},"18":{"line":182,"type":"if","locations":[{"start":{"line":182,"column":17},"end":{"line":182,"column":17}},{"start":{"line":182,"column":17},"end":{"line":182,"column":17}}]},"19":{"line":198,"type":"if","locations":[{"start":{"line":198,"column":8},"end":{"line":198,"column":8}},{"start":{"line":198,"column":8},"end":{"line":198,"column":8}}]},"20":{"line":203,"type":"if","locations":[{"start":{"line":203,"column":8},"end":{"line":203,"column":8}},{"start":{"line":203,"column":8},"end":{"line":203,"column":8}}]},"21":{"line":207,"type":"if","locations":[{"start":{"line":207,"column":13},"end":{"line":207,"column":13}},{"start":{"line":207,"column":13},"end":{"line":207,"column":13}}]},"22":{"line":213,"type":"if","locations":[{"start":{"line":213,"column":8},"end":{"line":213,"column":8}},{"start":{"line":213,"column":8},"end":{"line":213,"column":8}}]},"23":{"line":218,"type":"if","locations":[{"start":{"line":218,"column":16},"end":{"line":218,"column":16}},{"start":{"line":218,"column":16},"end":{"line":218,"column":16}}]}}}}