{
"contracts/Mayor.sol":{"l":{"60":32,"61":30,"66":33,"67":31,"72":9,"73":7,"103":21,"104":57,"105":57,"107":57,"108":55,"110":53,"111":53,"113":53,"114":46,"115":44,"117":44,"118":36,"119":36,"124":15,"125":15,"133":30,"134":29,"136":30,"137":30,"147":31,"148":29,"150":27,"151":27,"153":27,"155":25,"157":25,"158":15,"159":15,"160":15,"161":15,"163":15,"164":10,"165":10,"168":4,"172":9,"173":9,"174":9,"175":9,"176":9,"178":9,"179":5,"180":5,"181":5,"184":3,"189":1,"190":1,"193":25,"199":7,"200":5,"201":5,"203":5,"204":2,"205":2,"208":1,"209":1,"213":5,"214":3,"216":3,"217":9,"218":9,"219":4,"223":3,"226":2,"227":2,"237":58,"242":1,"246":1,"248":1,"249":2,"250":2,"253":1,"257":1},"path":"/home/fausto/GitHub/P2P-systems-and-blockchains-2021/Final Project/contracts/Mayor.sol","s":{"1":32,"2":33,"3":9,"4":21,"5":57,"6":57,"7":57,"8":55,"9":53,"10":53,"11":53,"12":46,"13":44,"14":44,"15":36,"16":36,"17":15,"18":15,"19":30,"20":30,"21":30,"22":31,"23":29,"24":27,"25":27,"26":27,"27":25,"28":15,"29":15,"30":15,"31":15,"32":15,"33":10,"34":10,"35":5,"36":4,"37":10,"38":9,"39":9,"40":9,"41":9,"42":9,"43":5,"44":5,"45":5,"46":4,"47":3,"48":1,"49":1,"50":25,"51":7,"52":5,"53":5,"54":5,"55":2,"56":2,"57":3,"58":1,"59":1,"60":5,"61":3,"62":3,"63":9,"64":9,"65":4,"66":3,"67":2,"68":2,"69":58,"70":1,"71":1,"72":1,"73":2,"74":2,"75":1,"76":1},"b":{"1":[30,2],"2":[31,2],"3":[7,2],"4":[55,2],"5":[53,2],"6":[46,7],"7":[44,2],"8":[36,8],"9":[29,1],"10":[29,2],"11":[27,2],"12":[25,2],"13":[15,10],"14":[10,5],"15":[4,1],"16":[9,1],"17":[5,4],"18":[3,1],"19":[5,2],"20":[2,3],"21":[1,2],"22":[3,2],"23":[4,5]},"f":{"1":32,"2":33,"3":9,"4":21,"5":30,"6":31,"7":7,"8":58,"9":1,"10":1,"11":1},"fnMap":{"1":{"name":"canVote","line":59,"loc":{"start":{"line":59,"column":4},"end":{"line":62,"column":4}}},"2":{"name":"canOpen","line":65,"loc":{"start":{"line":65,"column":4},"end":{"line":68,"column":4}}},"3":{"name":"canCheckOutcome","line":71,"loc":{"start":{"line":71,"column":4},"end":{"line":74,"column":4}}},"4":{"name":"constructor","line":102,"loc":{"start":{"line":102,"column":4},"end":{"line":126,"column":4}}},"5":{"name":"cast_envelope","line":131,"loc":{"start":{"line":131,"column":4},"end":{"line":138,"column":4}}},"6":{"name":"open_envelope","line":146,"loc":{"start":{"line":146,"column":4},"end":{"line":194,"column":4}}},"7":{"name":"mayor_or_sayonara","line":198,"loc":{"start":{"line":198,"column":4},"end":{"line":229,"column":4}}},"8":{"name":"compute_envelope","line":236,"loc":{"start":{"line":236,"column":4},"end":{"line":238,"column":4}}},"9":{"name":"get_candidate_addrs","line":241,"loc":{"start":{"line":241,"column":4},"end":{"line":243,"column":4}}},"10":{"name":"get_coalitions","line":245,"loc":{"start":{"line":245,"column":4},"end":{"line":254,"column":4}}},"11":{"name":"get_voting_condition","line":256,"loc":{"start":{"line":256,"column":4},"end":{"line":258,"column":4}}}},"statementMap":{"1":{"start":{"line":60,"column":8},"end":{"line":60,"column":126}},"2":{"start":{"line":66,"column":8},"end":{"line":66,"column":134}},"3":{"start":{"line":72,"column":8},"end":{"line":72,"column":140}},"4":{"start":{"line":103,"column":8},"end":{"line":103,"column":2997}},"5":{"start":{"line":104,"column":12},"end":{"line":104,"column":69}},"6":{"start":{"line":105,"column":12},"end":{"line":105,"column":69}},"7":{"start":{"line":107,"column":12},"end":{"line":107,"column":99}},"8":{"start":{"line":108,"column":12},"end":{"line":108,"column":99}},"9":{"start":{"line":110,"column":12},"end":{"line":110,"column":86}},"10":{"start":{"line":111,"column":12},"end":{"line":111,"column":48}},"11":{"start":{"line":113,"column":12},"end":{"line":113,"column":3560}},"12":{"start":{"line":114,"column":16},"end":{"line":114,"column":103}},"13":{"start":{"line":115,"column":16},"end":{"line":115,"column":70}},"14":{"start":{"line":117,"column":16},"end":{"line":117,"column":3812}},"15":{"start":{"line":118,"column":20},"end":{"line":118,"column":57}},"16":{"start":{"line":119,"column":20},"end":{"line":119,"column":56}},"17":{"start":{"line":124,"column":8},"end":{"line":124,"column":23}},"18":{"start":{"line":125,"column":8},"end":{"line":125,"column":97}},"19":{"start":{"line":133,"column":8},"end":{"line":133,"column":4412}},"20":{"start":{"line":136,"column":8},"end":{"line":136,"column":40}},"21":{"start":{"line":137,"column":8},"end":{"line":137,"column":37}},"22":{"start":{"line":147,"column":8},"end":{"line":147,"column":82}},"23":{"start":{"line":148,"column":8},"end":{"line":148,"column":77}},"24":{"start":{"line":150,"column":8},"end":{"line":150,"column":56}},"25":{"start":{"line":151,"column":8},"end":{"line":151,"column":80}},"26":{"start":{"line":153,"column":8},"end":{"line":153,"column":105}},"27":{"start":{"line":157,"column":8},"end":{"line":157,"column":5466}},"28":{"start":{"line":158,"column":12},"end":{"line":158,"column":40}},"29":{"start":{"line":159,"column":12},"end":{"line":159,"column":93}},"30":{"start":{"line":160,"column":12},"end":{"line":160,"column":51}},"31":{"start":{"line":161,"column":12},"end":{"line":161,"column":30}},"32":{"start":{"line":163,"column":12},"end":{"line":163,"column":5803}},"33":{"start":{"line":164,"column":16},"end":{"line":164,"column":49}},"34":{"start":{"line":165,"column":16},"end":{"line":165,"column":66}},"35":{"start":{"line":167,"column":17},"end":{"line":167,"column":6012}},"36":{"start":{"line":168,"column":16},"end":{"line":168,"column":51}},"37":{"start":{"line":171,"column":13},"end":{"line":171,"column":6187}},"38":{"start":{"line":172,"column":12},"end":{"line":172,"column":40}},"39":{"start":{"line":173,"column":12},"end":{"line":173,"column":93}},"40":{"start":{"line":174,"column":12},"end":{"line":174,"column":51}},"41":{"start":{"line":176,"column":12},"end":{"line":176,"column":30}},"42":{"start":{"line":178,"column":12},"end":{"line":178,"column":6520}},"43":{"start":{"line":179,"column":16},"end":{"line":179,"column":49}},"44":{"start":{"line":180,"column":16},"end":{"line":180,"column":66}},"45":{"start":{"line":181,"column":16},"end":{"line":181,"column":78}},"46":{"start":{"line":183,"column":17},"end":{"line":183,"column":7019}},"47":{"start":{"line":184,"column":16},"end":{"line":184,"column":51}},"48":{"start":{"line":189,"column":12},"end":{"line":189,"column":55}},"49":{"start":{"line":190,"column":12},"end":{"line":190,"column":36}},"50":{"start":{"line":193,"column":8},"end":{"line":193,"column":60}},"51":{"start":{"line":199,"column":8},"end":{"line":199,"column":65}},"52":{"start":{"line":200,"column":8},"end":{"line":200,"column":28}},"53":{"start":{"line":201,"column":8},"end":{"line":201,"column":24}},"54":{"start":{"line":203,"column":8},"end":{"line":203,"column":7839}},"55":{"start":{"line":204,"column":12},"end":{"line":204,"column":50}},"56":{"start":{"line":205,"column":12},"end":{"line":205,"column":46}},"57":{"start":{"line":207,"column":13},"end":{"line":207,"column":8045}},"58":{"start":{"line":208,"column":12},"end":{"line":208,"column":50}},"59":{"start":{"line":209,"column":12},"end":{"line":209,"column":46}},"60":{"start":{"line":213,"column":8},"end":{"line":213,"column":8218}},"61":{"start":{"line":214,"column":12},"end":{"line":214,"column":39}},"62":{"start":{"line":216,"column":12},"end":{"line":216,"column":8305}},"63":{"start":{"line":217,"column":16},"end":{"line":217,"column":64}},"64":{"start":{"line":218,"column":16},"end":{"line":218,"column":8438}},"65":{"start":{"line":219,"column":20},"end":{"line":219,"column":53}},"66":{"start":{"line":223,"column":12},"end":{"line":223,"column":33}},"67":{"start":{"line":226,"column":12},"end":{"line":226,"column":36}},"68":{"start":{"line":227,"column":12},"end":{"line":227,"column":33}},"69":{"start":{"line":237,"column":8},"end":{"line":237,"column":63}},"70":{"start":{"line":242,"column":8},"end":{"line":242,"column":31}},"71":{"start":{"line":246,"column":8},"end":{"line":246,"column":100}},"72":{"start":{"line":248,"column":8},"end":{"line":248,"column":9416}},"73":{"start":{"line":249,"column":12},"end":{"line":249,"column":51}},"74":{"start":{"line":250,"column":12},"end":{"line":250,"column":108}},"75":{"start":{"line":253,"column":8},"end":{"line":253,"column":31}},"76":{"start":{"line":257,"column":8},"end":{"line":257,"column":108}}},"branchMap":{"1":{"line":60,"type":"if","locations":[{"start":{"line":60,"column":8},"end":{"line":60,"column":8}},{"start":{"line":60,"column":8},"end":{"line":60,"column":8}}]},"2":{"line":66,"type":"if","locations":[{"start":{"line":66,"column":8},"end":{"line":66,"column":8}},{"start":{"line":66,"column":8},"end":{"line":66,"column":8}}]},"3":{"line":72,"type":"if","locations":[{"start":{"line":72,"column":8},"end":{"line":72,"column":8}},{"start":{"line":72,"column":8},"end":{"line":72,"column":8}}]},"4":{"line":107,"type":"if","locations":[{"start":{"line":107,"column":12},"end":{"line":107,"column":12}},{"start":{"line":107,"column":12},"end":{"line":107,"column":12}}]},"5":{"line":108,"type":"if","locations":[{"start":{"line":108,"column":12},"end":{"line":108,"column":12}},{"start":{"line":108,"column":12},"end":{"line":108,"column":12}}]},"6":{"line":113,"type":"if","locations":[{"start":{"line":113,"column":12},"end":{"line":113,"column":12}},{"start":{"line":113,"column":12},"end":{"line":113,"column":12}}]},"7":{"line":114,"type":"if","locations":[{"start":{"line":114,"column":16},"end":{"line":114,"column":16}},{"start":{"line":114,"column":16},"end":{"line":114,"column":16}}]},"8":{"line":117,"type":"if","locations":[{"start":{"line":117,"column":16},"end":{"line":117,"column":16}},{"start":{"line":117,"column":16},"end":{"line":117,"column":16}}]},"9":{"line":133,"type":"if","locations":[{"start":{"line":133,"column":8},"end":{"line":133,"column":8}},{"start":{"line":133,"column":8},"end":{"line":133,"column":8}}]},"10":{"line":147,"type":"if","locations":[{"start":{"line":147,"column":8},"end":{"line":147,"column":8}},{"start":{"line":147,"column":8},"end":{"line":147,"column":8}}]},"11":{"line":148,"type":"if","locations":[{"start":{"line":148,"column":8},"end":{"line":148,"column":8}},{"start":{"line":148,"column":8},"end":{"line":148,"column":8}}]},"12":{"line":153,"type":"if","locations":[{"start":{"line":153,"column":8},"end":{"line":153,"column":8}},{"start":{"line":153,"column":8},"end":{"line":153,"column":8}}]},"13":{"line":157,"type":"if","locations":[{"start":{"line":157,"column":8},"end":{"line":157,"column":8}},{"start":{"line":157,"column":8},"end":{"line":157,"column":8}}]},"14":{"line":163,"type":"if","locations":[{"start":{"line":163,"column":12},"end":{"line":163,"column":12}},{"start":{"line":163,"column":12},"end":{"line":163,"column":12}}]},"15":{"line":167,"type":"if","locations":[{"start":{"line":167,"column":17},"end":{"line":167,"column":17}},{"start":{"line":167,"column":17},"end":{"line":167,"column":17}}]},"16":{"line":171,"type":"if","locations":[{"start":{"line":171,"column":13},"end":{"line":171,"column":13}},{"start":{"line":171,"column":13},"end":{"line":171,"column":13}}]},"17":{"line":178,"type":"if","locations":[{"start":{"line":178,"column":12},"end":{"line":178,"column":12}},{"start":{"line":178,"column":12},"end":{"line":178,"column":12}}]},"18":{"line":183,"type":"if","locations":[{"start":{"line":183,"column":17},"end":{"line":183,"column":17}},{"start":{"line":183,"column":17},"end":{"line":183,"column":17}}]},"19":{"line":199,"type":"if","locations":[{"start":{"line":199,"column":8},"end":{"line":199,"column":8}},{"start":{"line":199,"column":8},"end":{"line":199,"column":8}}]},"20":{"line":203,"type":"if","locations":[{"start":{"line":203,"column":8},"end":{"line":203,"column":8}},{"start":{"line":203,"column":8},"end":{"line":203,"column":8}}]},"21":{"line":207,"type":"if","locations":[{"start":{"line":207,"column":13},"end":{"line":207,"column":13}},{"start":{"line":207,"column":13},"end":{"line":207,"column":13}}]},"22":{"line":213,"type":"if","locations":[{"start":{"line":213,"column":8},"end":{"line":213,"column":8}},{"start":{"line":213,"column":8},"end":{"line":213,"column":8}}]},"23":{"line":218,"type":"if","locations":[{"start":{"line":218,"column":16},"end":{"line":218,"column":16}},{"start":{"line":218,"column":16},"end":{"line":218,"column":16}}]}}}}
