TN:
SF:/home/fausto/GitHub/P2P-systems-and-blockchains-2021/test/my_app/contracts/Mayor.sol
FN:59,canVote
FN:65,canOpen
FN:71,canCheckOutcome
FN:101,constructor
FN:130,cast_envelope
FN:145,open_envelope
FN:197,mayor_or_sayonara
FN:236,compute_envelope
FN:241,get_candidate_addrs
FN:245,get_coalitions
FNF:10
FNH:8
FNDA:12,canVote
FNDA:12,canOpen
FNDA:4,canCheckOutcome
FNDA:8,constructor
FNDA:12,cast_envelope
FNDA:12,open_envelope
FNDA:4,mayor_or_sayonara
FNDA:24,compute_envelope
FNDA:0,get_candidate_addrs
FNDA:0,get_coalitions
DA:60,12
DA:61,12
DA:66,12
DA:67,12
DA:72,4
DA:73,4
DA:102,8
DA:103,23
DA:104,23
DA:106,23
DA:107,21
DA:109,19
DA:110,19
DA:112,19
DA:113,16
DA:114,16
DA:116,16
DA:117,12
DA:118,12
DA:123,4
DA:124,4
DA:132,12
DA:133,12
DA:135,12
DA:136,12
DA:146,12
DA:147,12
DA:149,12
DA:150,12
DA:152,12
DA:154,12
DA:156,12
DA:157,7
DA:158,7
DA:159,7
DA:160,7
DA:162,7
DA:163,4
DA:164,4
DA:167,2
DA:171,4
DA:172,4
DA:173,4
DA:174,4
DA:175,4
DA:177,4
DA:178,2
DA:179,2
DA:180,2
DA:183,2
DA:188,1
DA:189,1
DA:192,12
DA:198,4
DA:199,4
DA:200,4
DA:201,4
DA:203,4
DA:204,1
DA:205,1
DA:208,1
DA:209,1
DA:213,4
DA:214,2
DA:216,2
DA:217,6
DA:218,6
DA:219,3
DA:223,2
DA:226,2
DA:227,2
DA:237,24
DA:242,0
DA:246,0
DA:248,0
DA:249,0
DA:250,0
DA:253,0
LF:78
LH:72
BRDA:60,1,0,12
BRDA:60,1,1,0
BRDA:66,2,0,12
BRDA:66,2,1,0
BRDA:72,3,0,4
BRDA:72,3,1,0
BRDA:106,4,0,21
BRDA:106,4,1,2
BRDA:107,5,0,19
BRDA:107,5,1,2
BRDA:112,6,0,16
BRDA:112,6,1,3
BRDA:113,7,0,16
BRDA:113,7,1,0
BRDA:116,8,0,12
BRDA:116,8,1,4
BRDA:132,9,0,12
BRDA:132,9,1,0
BRDA:146,10,0,12
BRDA:146,10,1,0
BRDA:147,11,0,12
BRDA:147,11,1,0
BRDA:152,12,0,12
BRDA:152,12,1,0
BRDA:156,13,0,7
BRDA:156,13,1,5
BRDA:162,14,0,4
BRDA:162,14,1,3
BRDA:166,15,0,2
BRDA:166,15,1,1
BRDA:170,16,0,4
BRDA:170,16,1,1
BRDA:177,17,0,2
BRDA:177,17,1,2
BRDA:182,18,0,2
BRDA:182,18,1,0
BRDA:198,19,0,4
BRDA:198,19,1,0
BRDA:203,20,0,1
BRDA:203,20,1,3
BRDA:207,21,0,1
BRDA:207,21,1,2
BRDA:213,22,0,2
BRDA:213,22,1,2
BRDA:218,23,0,3
BRDA:218,23,1,3
BRF:46
BRH:36
end_of_record
