TN:
SF:/home/fausto/GitHub/P2P-systems-and-blockchains-2021/Final Project/contracts/Mayor.sol
FN:56,canVote
FN:62,canOpen
FN:68,canCheckOutcome
FN:98,constructor
FN:124,cast_envelope
FN:139,open_envelope
FN:191,mayor_or_sayonara
FN:230,compute_envelope
FNF:8
FNH:8
FNDA:12,canVote
FNDA:12,canOpen
FNDA:4,canCheckOutcome
FNDA:8,constructor
FNDA:12,cast_envelope
FNDA:12,open_envelope
FNDA:4,mayor_or_sayonara
FNDA:24,compute_envelope
DA:57,12
DA:58,12
DA:63,12
DA:64,12
DA:69,4
DA:70,4
DA:99,8
DA:100,23
DA:101,23
DA:103,23
DA:104,21
DA:106,19
DA:107,19
DA:109,19
DA:110,16
DA:111,16
DA:112,16
DA:113,16
DA:117,4
DA:118,4
DA:126,12
DA:127,12
DA:129,12
DA:130,12
DA:140,12
DA:141,12
DA:143,12
DA:144,12
DA:146,12
DA:148,12
DA:150,12
DA:151,7
DA:152,7
DA:153,7
DA:154,7
DA:156,7
DA:157,4
DA:158,4
DA:161,2
DA:165,4
DA:166,4
DA:167,4
DA:168,4
DA:169,4
DA:171,4
DA:172,2
DA:173,2
DA:174,2
DA:177,2
DA:182,1
DA:183,1
DA:186,12
DA:192,4
DA:193,4
DA:194,4
DA:195,4
DA:197,4
DA:198,1
DA:199,1
DA:202,1
DA:203,1
DA:207,4
DA:208,2
DA:210,2
DA:211,6
DA:212,6
DA:213,3
DA:217,2
DA:220,2
DA:221,2
DA:231,24
LF:71
LH:71
BRDA:57,1,0,12
BRDA:57,1,1,0
BRDA:63,2,0,12
BRDA:63,2,1,0
BRDA:69,3,0,4
BRDA:69,3,1,0
BRDA:103,4,0,21
BRDA:103,4,1,2
BRDA:104,5,0,19
BRDA:104,5,1,2
BRDA:109,6,0,16
BRDA:109,6,1,3
BRDA:110,7,0,16
BRDA:110,7,1,0
BRDA:126,8,0,12
BRDA:126,8,1,0
BRDA:140,9,0,12
BRDA:140,9,1,0
BRDA:141,10,0,12
BRDA:141,10,1,0
BRDA:146,11,0,12
BRDA:146,11,1,0
BRDA:150,12,0,7
BRDA:150,12,1,5
BRDA:156,13,0,4
BRDA:156,13,1,3
BRDA:160,14,0,2
BRDA:160,14,1,1
BRDA:164,15,0,4
BRDA:164,15,1,1
BRDA:171,16,0,2
BRDA:171,16,1,2
BRDA:176,17,0,2
BRDA:176,17,1,0
BRDA:192,18,0,4
BRDA:192,18,1,0
BRDA:197,19,0,1
BRDA:197,19,1,3
BRDA:201,20,0,1
BRDA:201,20,1,2
BRDA:207,21,0,2
BRDA:207,21,1,2
BRDA:212,22,0,3
BRDA:212,22,1,3
BRF:44
BRH:34
end_of_record
